生成启动时间为 2018/10/10 15:24:59。
     1>项目“F:\UCAS\课程\天体测量学及其应用\homework4\CoordinateConversion\CoordinateConversion\CoordinateConversion.vcxproj”在节点 2 上(build 个目标)。
     1>InitializeBuildStatus:
         正在创建“Debug\CoordinateConversion.unsuccessfulbuild”，因为已指定“AlwaysCreate”。
       GenerateTargetFrameworkMonikerAttribute:
       正在跳过目标“GenerateTargetFrameworkMonikerAttribute”，因为所有输出文件相对于输入文件而言都是最新的。
       ClCompile:
         所有输出均为最新。
         d:\VisualStdio2010\VC\bin\CL.exe /c /AI"C:\Program Files (x86)\Reference Assemblies\Microsoft\Framework\.NETFramework\v4.0" /Zi /clr:pure /nologo /W3 /WX- /Od /Oy- /D WIN32 /D _DEBUG /D _MBCS /EHa /MDd /GS /fp:precise /Zc:wchar_t /Zc:forScope /Yu"StdAfx.h" /Fp"Debug\CoordinateConversion.pch" /Fo"Debug\\" /Fd"Debug\vc100.pdb" /TP /FU"C:\Program Files (x86)\Reference Assemblies\Microsoft\Framework\.NETFramework\v4.0\System.Core.dll" /FU"C:\Program Files (x86)\Reference Assemblies\Microsoft\Framework\.NETFramework\v4.0\System.Data.dll" /FU"C:\Program Files (x86)\Reference Assemblies\Microsoft\Framework\.NETFramework\v4.0\System.dll" /FU"C:\Program Files (x86)\Reference Assemblies\Microsoft\Framework\.NETFramework\v4.0\System.Drawing.dll" /FU"C:\Program Files (x86)\Reference Assemblies\Microsoft\Framework\.NETFramework\v4.0\System.Windows.Forms.dll" /FU"C:\Program Files (x86)\Reference Assemblies\Microsoft\Framework\.NETFramework\v4.0\System.Xml.dll" /analyze- /errorReport:prompt CoordinateConversion.cpp /clr:nostdlib 
         CoordinateConversion.cpp
         所有输出均为最新。
         所有输出均为最新。
       CoreResGen:
         没有相对于源文件而言已过期的资源。正在跳过资源生成操作。
       ResourceCompile:
         所有输出均为最新。
       Link:
         d:\VisualStdio2010\VC\bin\link.exe /ERRORREPORT:PROMPT /OUT:"F:\UCAS\课程\天体测量学及其应用\homework4\CoordinateConversion\Debug\CoordinateConversion.exe" /INCREMENTAL /NOLOGO /ASSEMBLYRESOURCE:Debug\CoordinateConversion.Form1.resources /MANIFEST /ManifestFile:"Debug\CoordinateConversion.exe.intermediate.manifest" /MANIFESTUAC:"level='asInvoker' uiAccess='false'" /DEBUG /PDB:"F:\UCAS\课程\天体测量学及其应用\homework4\CoordinateConversion\Debug\CoordinateConversion.pdb" /ASSEMBLYDEBUG /SUBSYSTEM:WINDOWS /TLBID:1 /ENTRY:"main" /DYNAMICBASE /FIXED:NO /NXCOMPAT /MACHINE:X86 Debug\app.res
         Debug\AssemblyInfo.obj
         Debug\CoordinateConversion.obj
         Debug\MAT.obj
         Debug\stdafx.obj
         "Debug\.NETFramework,Version=v4.0.AssemblyAttributes.obj"
         CoordinateConversion.vcxproj -> F:\UCAS\课程\天体测量学及其应用\homework4\CoordinateConversion\Debug\CoordinateConversion.exe
       Manifest:
         C:\Program Files (x86)\Microsoft SDKs\Windows\v7.0A\bin\mt.exe /nologo /verbose /outputresource:"F:\UCAS\课程\天体测量学及其应用\homework4\CoordinateConversion\Debug\CoordinateConversion.exe;#1" /manifest Debug\CoordinateConversion.exe.intermediate.manifest
       FinalizeBuildStatus:
         正在删除文件“Debug\CoordinateConversion.unsuccessfulbuild”。
         正在对“Debug\CoordinateConversion.lastbuildstate”执行 Touch 任务。
     1>已完成生成项目“F:\UCAS\课程\天体测量学及其应用\homework4\CoordinateConversion\CoordinateConversion\CoordinateConversion.vcxproj”(build 个目标)的操作。

生成成功。

已用时间 00:00:05.07
